<?xml version="1.0" encoding="UTF-8"?>
<!-- Generated by org.testng.reporters.JUnitReportReporter -->
<testsuite hostname="DESKTOP-OJQ7O3T" failures="0" tests="4" name="api.testData.UserTest" time="13.613" errors="0" timestamp="2024-01-30T13:38:03 IST" skipped="0">
  <testcase classname="api.testData.UserTest" name="test_PostUser" time="5.097"/>
  <testcase classname="api.testData.UserTest" name="test_GetUserByName" time="2.293"/>
  <testcase classname="api.testData.UserTest" name="test_UpdateUserByName" time="4.614"/>
  <testcase classname="api.testData.UserTest" name="test_DeleteUserByName" time="1.609"/>
</testsuite> <!-- api.testData.UserTest -->
