<?xml version="1.0" encoding="UTF-8"?>
<!-- Generated by org.testng.reporters.JUnitReportReporter -->
<testsuite hostname="DESKTOP-OJQ7O3T" failures="0" tests="4" name="api.testData.UserTest" time="10.175" errors="0" timestamp="2024-01-30T17:30:13 IST" skipped="0">
  <testcase classname="api.testData.UserTest" name="test_PostUser" time="4.555"/>
  <testcase classname="api.testData.UserTest" name="test_GetUserByName" time="1.409"/>
  <testcase classname="api.testData.UserTest" name="test_UpdateUserByName" time="2.827"/>
  <testcase classname="api.testData.UserTest" name="test_DeleteUserByName" time="1.384"/>
</testsuite> <!-- api.testData.UserTest -->
