<?xml version="1.0" encoding="UTF-8"?>
<!-- Generated by org.testng.reporters.JUnitReportReporter -->
<testsuite hostname="DESKTOP-OJQ7O3T" failures="0" tests="4" name="api.testData.UserTest" time="14.614" errors="0" timestamp="2024-01-30T13:20:44 IST" skipped="0">
  <testcase classname="api.testData.UserTest" name="test_PostUser" time="4.223"/>
  <testcase classname="api.testData.UserTest" name="test_GetUserByName" time="2.995"/>
  <testcase classname="api.testData.UserTest" name="test_UpdateUserByName" time="5.241"/>
  <testcase classname="api.testData.UserTest" name="test_DeleteUserByName" time="2.155"/>
</testsuite> <!-- api.testData.UserTest -->
